epoch,ER,F1,dense_26_loss,dense_27_loss,dense_28_loss,loss
0,"""[0.54229934900551, 0.8757236584810021, 3.0609892141833437]""","""[0.538264821339852, 0.37566795805416997, 0.09257605981125382]""",0.9376271567118379,0.7239781442269249,0.7887216460166351,2.4503269431385197
1,"""[0.6429501081809328, 0.898494789309728, 2.8099665292636793]""","""[0.4929615368134848, 0.5050899342339569, 0.09359843387883422]""",0.6883261671333466,0.7022819079079582,0.7622755553260266,2.152883624539776
2,"""[0.6386117133888887, 0.8834426858805702, 2.9211602815466122]""","""[0.5001496784896259, 0.5298986051092341, 0.14562046195830866]""",0.6241943938109178,0.688531793751943,0.7375819946166923,2.05030818746184
3,"""[0.6885032534973956, 0.8714781934112397, 2.9501673473595513]""","""[0.4525681493832061, 0.5468979365718172, 0.18768092947733728]""",0.5924035732987406,0.6769931295587377,0.7140592928611599,1.9834559729877643
4,"""[0.6568329715154738, 0.8834426858805702, 2.8988471539981977]""","""[0.4842358866156256, 0.5441522702391498, 0.23263619693828]""",0.5730146372434137,0.6654751087816324,0.6915692512889533,1.9300590003129754
5,"""[0.6260303684919608, 0.906985719449253, 2.2941613974361617]""","""[0.5124847050329103, 0.5441951671920096, 0.3368377749678701]""",0.5531252288116326,0.6544346942296363,0.6699835245032663,1.87754345199188
6,"""[0.6199566157830991, 0.9135468927388859, 2.2967645956501435]""","""[0.5195725208251626, 0.554518480192198, 0.33817564690147267]""",0.5421061425498037,0.6439380506367736,0.6496312629160982,1.8356754547395047
7,"""[0.5904555311971994, 0.9579313002864025, 1.6690219406214126]""","""[0.542060993324657, 0.5532577686326785, 0.3447873949396604]""",0.5313906165584282,0.6344041246697179,0.6303715382118509,1.7961662808031678
8,"""[0.5934924075516302, 1.0015438050939622, 0.9676459646829134]""","""[0.5389699295428697, 0.5847996519048122, 0.41563060134497926]""",0.5241985217273541,0.624417412206062,0.6120356208532453,1.7606515594044025
9,"""[0.5718004335914099, 1.037437282501954, 0.7411677200665051]""","""[0.5566831318437555, 0.5967565924118727, 0.4570764547580787]""",0.5173743268876433,0.6154120245478779,0.5946966469662744,1.7274829916711396
10,"""[0.5535791754648247, 1.0694712462101617, 0.5570844177920846]""","""[0.5646085882338086, 0.6070913833905938, 0.4968582331452513]""",0.5143635548169849,0.6071109837842301,0.5785714986325673,1.7000460326841997
11,"""[0.5136659433780192, 1.1084523345779806, 0.48679806601457865]""","""[0.5906212297407197, 0.6065548436605908, 0.5892394765662502]""",0.506002597123163,0.5985200931304792,0.5631948924868907,1.6677175806616973
12,"""[0.5579175702568687, 1.003087610573876, 0.48679806601457865]""","""[0.5651687009540468, 0.632050156323812, 0.5892394765662502]""",0.5020518581685917,0.5910767982386398,0.5486306127921181,1.6417592668478798
13,"""[0.5652928414033437, 0.9328444612378061, 0.48679806601457865]""","""[0.5627628118177742, 0.6501343162010501, 0.5892394765662502]""",0.49647394885943236,0.5834224979968804,0.5350301970135082,1.614926640683409
14,"""[0.5140997828572236, 0.9625627167261434, 0.48679806601457865]""","""[0.5908726435735338, 0.6441803235146812, 0.5892394765662502]""",0.4960073038569309,0.5766788543872386,0.5222274999471308,1.5949136551071263
15,"""[0.5062906722315442, 0.8846005399905055, 0.48679806601457865]""","""[0.5967483416026385, 0.6609072614426067, 0.5892394765662502]""",0.49521923881384083,0.569376053334373,0.5102506654817354,1.5748459582604157
16,"""[0.5140997828572236, 0.6437668851239804, 0.48679806601457865]""","""[0.5919656968737489, 0.7198672729757304, 0.5892394765662502]""",0.4890288947104317,0.5625505869289069,0.49879782727406735,1.5503773156270222
17,"""[0.4906724509801855, 0.6186800460753841, 0.48679806601457865]""","""[0.6082896740019644, 0.726388833161445, 0.5892394765662502]""",0.48732231711577934,0.5566867185429616,0.4881908386656051,1.5321998793169591
18,"""[0.4997830800434781, 0.616750289225492, 0.48679806601457865]""","""[0.602245537724507, 0.7269407167222401, 0.5892394765662502]""",0.48708618905559276,0.550874279729975,0.47812258873482033,1.5160830555267508
19,"""[0.5127982644196103, 0.616750289225492, 0.48679806601457865]""","""[0.5940222690278361, 0.7269407167222401, 0.5892394765662502]""",0.48450501265697576,0.5446446646343578,0.4687627797095417,1.4979124658103669
20,"""[0.5154013012948367, 0.616750289225492, 0.48679806601457865]""","""[0.5932018614948599, 0.7269407167222401, 0.5892394765662502]""",0.4848976489337531,0.5396315051597347,0.45993788762730553,1.4844670356376435
21,"""[0.4984815616058649, 0.616750289225492, 0.48679806601457865]""","""[0.6034973016172923, 0.7269407167222401, 0.5892394765662502]""",0.4806371113107571,0.5344119874186486,0.45173770182469425,1.466786804098344
22,"""[0.48763557462575463, 0.616750289225492, 0.48679806601457865]""","""[0.6104931856395751, 0.7269407167222401, 0.5892394765662502]""",0.4817932971788857,0.5293173885740778,0.4440168909272717,1.4551275832234551
23,"""[0.524078090878925, 0.616750289225492, 0.48679806601457865]""","""[0.5882032808664817, 0.7269407167222401, 0.5892394765662502]""",0.47698045898124514,0.5239363412573517,0.43669114510218304,1.4376079417965357
24,"""[0.5006507590018869, 0.616750289225492, 0.48679806601457865]""","""[0.6013579322554533, 0.7269407167222401, 0.5892394765662502]""",0.47707791721023374,0.5192920067366223,0.4298921408586464,1.426262051736102
25,"""[0.5444685464015321, 0.616750289225492, 0.48679806601457865]""","""[0.5761312219723345, 0.7269407167222401, 0.5892394765662502]""",0.46980549111374453,0.5150476381259349,0.42347997728588244,1.408333111518175
26,"""[0.48763557462575463, 0.616750289225492, 0.48679806601457865]""","""[0.6108089311247329, 0.7269407167222401, 0.5892394765662502]""",0.47381895959479525,0.51060139621715,0.41739487508285245,1.4018152338085752
27,"""[0.5023861169187045, 0.616750289225492, 0.48679806601457865]""","""[0.5997380828377186, 0.7269407167222401, 0.5892394765662502]""",0.4723461812874329,0.5064777669530381,0.41173636998497737,1.3905603163170093
28,"""[0.5184381776492676, 0.616750289225492, 0.48679806601457865]""","""[0.5897976120870616, 0.7269407167222401, 0.5892394765662502]""",0.47088389293748084,0.5020271327715046,0.40637128224640046,1.3792823163218468
29,"""[0.5136659433780192, 0.616750289225492, 0.48679806601457865]""","""[0.5943791638120628, 0.7269407167222401, 0.5892394765662502]""",0.4704102439632274,0.49841578845776036,0.40129429604613215,1.3701203245650433
30,"""[0.5032537958771134, 0.616750289225492, 0.48679806601457865]""","""[0.6002616445963661, 0.7269407167222401, 0.5892394765662502]""",0.4664729859843944,0.4946706004487643,0.39655974183578774,1.3577033301773855
31,"""[0.5162689802532456, 0.616750289225492, 0.48679806601457865]""","""[0.5949835175925412, 0.7269407167222401, 0.5892394765662502]""",0.4647229348611259,0.4906750175358569,0.39213480739473544,1.347532757423209
32,"""[0.5314533620253998, 0.616750289225492, 0.48679806601457865]""","""[0.5853653844224935, 0.7269407167222401, 0.5892394765662502]""",0.466399782517762,0.4874914338958134,0.38790086576296573,1.3417920826366112
33,"""[0.5362255962966483, 0.616750289225492, 0.48679806601457865]""","""[0.5836741167754758, 0.7269407167222401, 0.5892394765662502]""",0.46315304646156663,0.48397722129756343,0.3839301520105496,1.3310604211328505
34,"""[0.5258134487957425, 0.616750289225492, 0.48679806601457865]""","""[0.5879500394908868, 0.7269407167222401, 0.5892394765662502]""",0.462593378510865,0.48073596283665654,0.38018090909654717,1.323510251636843
35,"""[0.5106290670235882, 0.616750289225492, 0.48679806601457865]""","""[0.5987256392996104, 0.7269407167222401, 0.5892394765662502]""",0.4618957642489259,0.4772702774843398,0.37662130756130074,1.3157873455628863
36,"""[0.530585683066991, 0.616750289225492, 0.48679806601457865]""","""[0.5866083679309099, 0.7269407167222401, 0.5892394765662502]""",0.46156212375667044,0.47454782664400974,0.3732783406240181,1.3093882945689423
37,"""[0.5271149672333558, 0.616750289225492, 0.48679806601457865]""","""[0.5883935915936015, 0.7269407167222401, 0.5892394765662502]""",0.4594036629194529,0.4712707959562796,0.3701024090582606,1.3007768693142034
38,"""[0.5327548804630131, 0.616750289225492, 0.48679806601457865]""","""[0.5851666056941577, 0.7269407167222401, 0.5892394765662502]""",0.46047968803779815,0.4687556690526322,0.3670814619737737,1.2963168213475154
39,"""[0.48850325358416347, 0.616750289225492, 0.48679806601457865]""","""[0.610090074536277, 0.7269407167222401, 0.5892394765662502]""",0.45662853297265754,0.4656921060273414,0.3642349514264662,1.2865555867799832
40,"""[0.5184381776492676, 0.616750289225492, 0.48679806601457865]""","""[0.5934237447861342, 0.7269407167222401, 0.5892394765662502]""",0.45792479841214306,0.46278959015153215,0.3615030861364357,1.2822174734221383
41,"""[0.5249457698373338, 0.616750289225492, 0.48679806601457865]""","""[0.5885509928840891, 0.7269407167222401, 0.5892394765662502]""",0.4584591195472927,0.4605885143277303,0.3589350031129696,1.2779826346365228
42,"""[0.5401301516094881, 0.616750289225492, 0.48679806601457865]""","""[0.5812992329257216, 0.7269407167222401, 0.5892394765662502]""",0.453989680355927,0.4578358085752556,0.3564777483832434,1.268303237212188
43,"""[0.5336225594214219, 0.616750289225492, 0.48679806601457865]""","""[0.5850335456526483, 0.7269407167222401, 0.5892394765662502]""",0.45617194244560344,0.45565993260015003,0.3541533275970123,1.2659852020804578
44,"""[0.5323210409838087, 0.616750289225492, 0.48679806601457865]""","""[0.5842813735829734, 0.7269407167222401, 0.5892394765662502]""",0.4546001040301642,0.4529152645629907,0.35199219610365273,1.259507566877881
45,"""[0.5258134487957425, 0.6163643378555136, 0.48679806601457865]""","""[0.5881082183469732, 0.7270511940819001, 0.5892394765662502]""",0.45265070980722527,0.4509143529277723,0.34989329990214657,1.2534583689077299
46,"""[0.5227765724413117, 0.6159783864855352, 0.48679806601457865]""","""[0.5912384424929628, 0.7269682057889136, 0.5892394765662502]""",0.45572907455039746,0.4484932447515807,0.347831709750248,1.2520540327668668
47,"""[0.5488069411935762, 0.5885758392170684, 0.48679806601457865]""","""[0.5777773168128673, 0.726878579188809, 0.5892394765662502]""",0.4565820486086174,0.44656084385035444,0.3459427269647434,1.2490856194237152
48,"""[0.5505422991103939, 0.58818988784709, 0.48679806601457865]""","""[0.5765159558866227, 0.7264000145962781, 0.5892394765662502]""",0.4517626170773994,0.44445633448622035,0.34411837118840205,1.2403373213888509
49,"""[0.5470715832767585, 0.5796989577075651, 0.48679806601457865]""","""[0.577912629367719, 0.7251202161019938, 0.5892394765662502]""",0.45047443346884536,0.44225396818266793,0.34243979482667114,1.2351681928487421
50,"""[0.5349240778590352, 0.5611732919486017, 0.48679806601457865]""","""[0.5838775279515479, 0.7211503223207062, 0.5892394765662502]""",0.44821176708187627,0.44028733905006506,0.3408015616932482,1.2293006668368907
51,"""[0.5479392622351674, 0.5746815898978458, 0.48679806601457865]""","""[0.5780855302168764, 0.719195875688803, 0.5892394765662502]""",0.4489012026084771,0.43844960978400577,0.3391852376970855,1.2265360510097087
52,"""[0.528416485670969, 0.5488228481092926, 0.48679806601457865]""","""[0.5889998016070259, 0.718505023208666, 0.5892394765662502]""",0.44942702326589207,0.43706724747989845,0.3376895336848521,1.2241838105137925
53,"""[0.54229934900551, 0.5619451946885584, 0.48679806601457865]""","""[0.579669864858934, 0.7178832478026217, 0.5892394765662502]""",0.44858333737663436,0.43513358302154564,0.3362538492154775,1.2199707763272738
54,"""[0.5457700648391454, 0.5611732919486017, 0.48679806601457865]""","""[0.5763826902608983, 0.7168908717015875, 0.5892394765662502]""",0.450917423793832,0.4333874518493709,0.3348666666029793,1.2191715395198406
55,"""[0.5501084596311894, 0.5573137782488176, 0.48679806601457865]""","""[0.5757907659332009, 0.7149676679235203, 0.5892394765662502]""",0.44524979714055,0.4316448369593263,0.3335861627581189,1.2104808004874377
56,"""[0.5206073750452896, 0.5125434193313225, 0.48679806601457865]""","""[0.5931288890715005, 0.7173943730454873, 0.5892394765662502]""",0.4495168713380978,0.43031294912253193,0.3323317769086313,1.2121616030093805
57,"""[0.5318872015046042, 0.5148591275511929, 0.48679806601457865]""","""[0.5865719698631909, 0.7129032657833849, 0.5892394765662502]""",0.4490094987953507,0.42867083149749663,0.33112661733908133,1.208806946728828
58,"""[0.5336225594214219, 0.41142416039698027, 0.48679806601457865]""","""[0.5853521050496253, 0.7102798772992763, 0.5892394765662502]""",0.4460556745324699,0.42695760519045156,0.329969971860866,1.2029832506806868
59,"""[0.5344902383798307, 0.40254727888747693, 0.48679806601457865]""","""[0.5856982229674622, 0.7074510411489255, 0.5892394765662502]""",0.4444478537233439,0.42553225007992324,0.3289163015514459,1.1988964080810547
60,"""[0.5388286331718748, 0.3979158624477361, 0.48679806601457865]""","""[0.5811914416945597, 0.7075820182066628, 0.5892394765662502]""",0.44615926379268683,0.4243555055338018,0.3277977929584226,1.1983125606491063
61,"""[0.5431670279639189, 0.3983018138177145, 0.48679806601457865]""","""[0.5795262280976027, 0.706532883493979, 0.5892394765662502]""",0.4464219592175121,0.42355580143140614,0.32679142540969325,1.1967691892620629
62,"""[0.5188720171284721, 0.4010034734075633, 0.48679806601457865]""","""[0.5949566092131927, 0.7058818556001354, 0.5892394765662502]""",0.44638024530388953,0.4220203096829802,0.32586152751899705,1.1942620845847023
63,"""[0.5527114965064158, 0.39637205696782246, 0.48679806601457865]""","""[0.5745328363275215, 0.7071640549353408, 0.5892394765662502]""",0.446880482567454,0.4208219677056497,0.3249267289780289,1.192629176797425
64,"""[0.5440347069223277, 0.4071786953272178, 0.48679806601457865]""","""[0.5789034192574632, 0.7089230159008972, 0.5892394765662502]""",0.44632009341418233,0.41934097106283635,0.3240678343110387,1.1897288986858197
65,"""[0.5440347069223277, 0.38247780764859984, 0.48679806601457865]""","""[0.5793821162466372, 0.7063917011613504, 0.5892394765662502]""",0.44400320685611855,0.4186386023166181,0.3231937798211887,1.1858355884486569
66,"""[0.545336225359941, 0.37553068298898856, 0.48679806601457865]""","""[0.5791650525081609, 0.7068209819424419, 0.5892394765662502]""",0.44769912992224414,0.41729642978186193,0.3223855945640049,1.1873811550860136
67,"""[0.5501084596311894, 0.41142416039698027, 0.48679806601457865]""","""[0.5674413942901605, 0.705486228844895, 0.5892394765662502]""",0.44408952300380883,0.41634345848673476,0.32166387473875757,1.1820968555136364
68,"""[0.5353579173382396, 0.36395214188963637, 0.48679806601457865]""","""[0.5846065199112903, 0.6983420422225787, 0.5892394765662502]""",0.44501743823068357,0.4155392319458154,0.32088876196559735,1.1814454310685993
69,"""[0.5436008674431233, 0.3917406405280816, 0.48679806601457865]""","""[0.5751772262795904, 0.7049734651712475, 0.5892394765662502]""",0.444239335342296,0.41432459545926137,0.3202133739996529,1.1787773025178991
70,"""[0.5501084596311894, 0.3658818987395284, 0.48679806601457865]""","""[0.575152062013395, 0.7024742947622802, 0.5892394765662502]""",0.4431756515888707,0.41308233866083616,0.3195242949933444,1.1757822866914203
71,"""[0.5440347069223277, 0.336935545991148, 0.48679806601457865]""","""[0.580341889175241, 0.6901110522223544, 0.5892394765662502]""",0.4445771539872411,0.41267759424062916,0.31887755755562996,1.1761323097026164
72,"""[0.5514099780688027, 0.36549594736955004, 0.48679806601457865]""","""[0.5731702699531065, 0.6980675781038445, 0.5892394765662502]""",0.44341271831145485,0.41143813114155353,0.31824694257794006,1.1730977880266342
73,"""[0.5201735355660853, 0.3392512542110184, 0.48679806601457865]""","""[0.5933471671539713, 0.6910594773628393, 0.5892394765662502]""",0.4428138826798548,0.41098954212058947,0.31765911893002163,1.171462542742167
74,"""[0.5193058566076765, 0.35391740627019785, 0.48679806601457865]""","""[0.5928299174761246, 0.7014616512342771, 0.5892394765662502]""",0.44269623379491957,0.41023831903559604,0.31708538617455256,1.1700199345577234
75,"""[0.5475054227559629, 0.34040910832095367, 0.48679806601457865]""","""[0.5764018582571337, 0.6963208214357438, 0.5892394765662502]""",0.4427844654873073,0.40895530095844695,0.3166419211253226,1.1683816867531742
76,"""[0.5501084596311894, 0.35237360079028424, 0.48679806601457865]""","""[0.5746739631952743, 0.7034222572979365, 0.5892394765662502]""",0.4405016708435366,0.40796566219109,0.3161145144867992,1.1645818504352035
77,"""[0.5570498912984599, 0.3535314549002194, 0.48679806601457865]""","""[0.5708689850487414, 0.7003886055926652, 0.5892394765662502]""",0.44302484146045096,0.40741392365178086,0.3155951386966182,1.1660339030761457
78,"""[0.5449023858807365, 0.39675800833780084, 0.48679806601457865]""","""[0.5408605641398948, 0.6875788306763794, 0.5892394765662502]""",0.4436843201492499,0.4065723509499521,0.3151646366863676,1.1654213100518411
79,"""[0.5566160518192556, 0.35893477407991714, 0.48679806601457865]""","""[0.5673045623340575, 0.6971317855148834, 0.5892394765662502]""",0.44122482842210364,0.4062073437945375,0.31474491193882054,1.1621770869670016
80,"""[0.5475054227559629, 0.3685835583293773, 0.48679806601457865]""","""[0.5671555948751628, 0.6837411485843525, 0.5892394765662502]""",0.4402685719534218,0.4053381350021351,0.3143105110555052,1.1599172153699187
81,"""[0.5613882860905041, 0.3643380932596148, 0.48679806601457865]""","""[0.5567175976218409, 0.6851399132727488, 0.5892394765662502]""",0.4431072866800787,0.40518901520555123,0.3138075849715473,1.1621038853065704
82,"""[0.5475054227559629, 0.335005789141256, 0.48679806601457865]""","""[0.577518917696734, 0.6947164811181238, 0.5892394765662502]""",0.442669471888763,0.40385097749169174,0.3134570838792996,1.1599775384398037
83,"""[0.5522776570272114, 0.36240833640972275, 0.48679806601457865]""","""[0.5585922231869775, 0.6843081100984004, 0.5892394765662502]""",0.4417883472963358,0.40353629354274634,0.31311912462328284,1.1584437660928315
84,"""[0.5557483728608468, 0.31918178297214134, 0.48679806601457865]""","""[0.5709501954941333, 0.6810722375342183, 0.5892394765662502]""",0.4412994244018236,0.40315351542777644,0.31279859112084696,1.1572515301325446
85,"""[0.5531453359856203, 0.3296024699615583, 0.48679806601457865]""","""[0.5560049276434957, 0.6714225618319761, 0.5892394765662502]""",0.4406494285598218,0.4022506415980281,0.31254544782597654,1.1554455168932898
86,"""[0.5440347069223277, 0.35546121175011147, 0.48679806601457865]""","""[0.5492548119946588, 0.6732144603022803, 0.5892394765662502]""",0.4412409554146712,0.4020487113023499,0.31207035932628135,1.1553600244074975
87,"""[0.5392624726510792, 0.3774604398388806, 0.48679806601457865]""","""[0.5429443009167303, 0.6756952333328303, 0.5892394765662502]""",0.43982123377801624,0.4013931414718421,0.3118165096533237,1.1530308889756549
88,"""[0.5557483728608468, 0.3284446158516231, 0.48679806601457865]""","""[0.5654329990675251, 0.6784406592848939, 0.5892394765662502]""",0.4423338791484353,0.40086535473017093,0.3115262439961158,1.154725474790548
89,"""[0.5479392622351674, 0.32497105352181743, 0.48679806601457865]""","""[0.5741042193222178, 0.6779064764908893, 0.5892394765662502]""",0.44141945266737265,0.4003490075647933,0.3112702806926987,1.1530387452018132
90,"""[0.5600867676528908, 0.3261289076317527, 0.48679806601457865]""","""[0.5559205870976512, 0.6760885607314054, 0.5892394765662502]""",0.4395497229659537,0.39995220131435144,0.3110012408152112,1.1505031728144712
91,"""[0.551843817548007, 0.3496719412004354, 0.48679806601457865]""","""[0.57484650680575, 0.6690485372743373, 0.5892394765662502]""",0.4387788229018637,0.3996111513922186,0.3108212201679823,1.1492111988242113
92,"""[0.5383947936926704, 0.34233886517084566, 0.48679806601457865]""","""[0.5830132328991519, 0.6724541171939888, 0.5892394765662502]""",0.4417321879465693,0.39954857079215295,0.31053368334023185,1.1518144488948083
93,"""[0.5613882860905041, 0.32381319941188225, 0.48679806601457865]""","""[0.5567175976218409, 0.6793325745829911, 0.5892394765662502]""",0.4402516295120606,0.39902104879529765,0.31027468941837394,1.1495473677257322
94,"""[0.5544468544232335, 0.3516016980503274, 0.48679806601457865]""","""[0.5735823390660912, 0.6705243456552575, 0.5892394765662502]""",0.4400092632583784,0.39816996613661176,0.31002182078538726,1.1482010474540356
95,"""[0.5704989151537966, 0.33307603229136395, 0.48679806601457865]""","""[0.5590057563233802, 0.6783115705373974, 0.5892394765662502]""",0.4397640236791302,0.3976470320104803,0.30991465710380406,1.1473257174281954
96,"""[0.5492407806727806, 0.34002315695097524, 0.48679806601457865]""","""[0.5339152413058951, 0.6656281490578188, 0.5892394765662502]""",0.4414416028643554,0.3974766461183985,0.3096985383126448,1.1486167823879838
97,"""[0.5544468544232335, 0.3438826706507593, 0.48679806601457865]""","""[0.5731022192279054, 0.6724678544752684, 0.5892394765662502]""",0.4415154416537953,0.39742688593556363,0.30951773416593864,1.1484600572057149
98,"""[0.5553145333816423, 0.3361636432511912, 0.48679806601457865]""","""[0.5692858482987065, 0.6757017194978936, 0.5892394765662502]""",0.43884288768825563,0.3966047372424037,0.3092743450570202,1.1447219681644385
99,"""[0.5488069411935762, 0.32651485900173105, 0.48679806601457865]""","""[0.5768159555232864, 0.6859271728573735, 0.5892394765662502]""",0.4406491438615929,0.39609963567410966,0.30912737925779216,1.1458761570724916
100,"""[0.5475054227559629, 0.3442686220207377, 0.48679806601457865]""","""[0.5778388732270936, 0.6785138773297876, 0.5892394765662502]""",0.43913458361838326,0.3960917815267869,0.3089773420131568,1.1442037139912207
